[2025-09-05T23:03:02.156Z] Main process starting
[2025-09-05T23:03:02.194Z] App ready
[2025-09-05T23:03:02.195Z] Registering IPC handlers
[2025-09-05T23:03:02.195Z] IPC handlers registered
[2025-09-05T23:03:02.195Z] Creating window
[2025-09-05T23:03:02.251Z] Loading HTML from: /Volumes/ATOM RAID/Dropbox/_Personal Files/12 - AI Vibe Coding/02 - Cursor Projects/02 - RhythmRNA V3/app/renderer.html
[2025-09-05T23:03:02.262Z] Window created
[2025-09-05T23:04:02.617Z] All windows closed
[2025-09-05T23:15:27.423Z] Main process starting
[2025-09-05T23:15:27.452Z] App ready
[2025-09-05T23:15:27.452Z] Registering IPC handlers
[2025-09-05T23:15:27.452Z] IPC handlers registered
[2025-09-05T23:15:27.453Z] Creating window
[2025-09-05T23:15:27.495Z] Loading HTML from: /Volumes/ATOM RAID/Dropbox/_Personal Files/12 - AI Vibe Coding/02 - Cursor Projects/02 - RhythmRNA V3/app/renderer.html
[2025-09-05T23:15:27.505Z] Window created
[2025-09-05T23:15:41.455Z] scanDropped called with 2 paths
[2025-09-05T23:15:41.455Z] Returning 1 tracks
[2025-09-05T23:15:49.789Z] All windows closed
[2025-09-05T23:18:19.621Z] Main process starting
[2025-09-05T23:18:19.651Z] App ready
[2025-09-05T23:18:19.651Z] Registering IPC handlers
[2025-09-05T23:18:19.651Z] IPC handlers registered
[2025-09-05T23:18:19.651Z] Creating window
[2025-09-05T23:18:19.697Z] Loading HTML from: /Volumes/ATOM RAID/Dropbox/_Personal Files/12 - AI Vibe Coding/02 - Cursor Projects/02 - RhythmRNA V3/app/renderer.html
[2025-09-05T23:18:19.706Z] Window created
[2025-09-05T23:18:22.180Z] All windows closed
[2025-09-05T23:18:53.579Z] Main process starting
[2025-09-05T23:18:53.612Z] App ready
[2025-09-05T23:18:53.612Z] Registering IPC handlers
[2025-09-05T23:18:53.612Z] IPC handlers registered
[2025-09-05T23:18:53.613Z] Creating window
[2025-09-05T23:18:53.661Z] Loading HTML from: /Volumes/ATOM RAID/Dropbox/_Personal Files/12 - AI Vibe Coding/02 - Cursor Projects/02 - RhythmRNA V3/app/renderer.html
[2025-09-05T23:18:53.671Z] Window created
[2025-09-05T23:19:00.793Z] All windows closed
[2025-09-05T23:25:39.642Z] Main process starting
[2025-09-06T11:23:33.969Z] Main process starting
